This file contains any messages produced by compilers while
running ./compile.sh, to aid debugging if ./compile.sh makes a mistake.

./compile.sh: checking whether we are using GNU C
./compile.sh: cc -E conftest.c
./compile.sh: Checking for X11 RandR support
./compile.sh: cc -c  conftest.c 1>&5
conftest.c:1:22: fatal error: X11/Xlib.h: No such file or directory
 #include <X11/Xlib.h>
                      ^
compilation terminated.
./compile.sh: failed program was:
#include <X11/Xlib.h>
#include <X11/extensions/Xrandr.h>

int main() {; return 0;}
./compile.sh: Checking for X11 VidMode support
./compile.sh: cc -c  conftest.c 1>&5
conftest.c:1:22: fatal error: X11/Xlib.h: No such file or directory
 #include <X11/Xlib.h>
                      ^
compilation terminated.
./compile.sh: failed program was:
#include <X11/Xlib.h>
#include <X11/extensions/xf86vmode.h>

#if defined(__APPLE_CC__)
#error Not supported under Mac OS X
#endif

int main() {; return 0;}
./compile.sh: Checking for pthread support
./compile.sh: cc -o conftest  -pthread conftest.c  -lGL -pthread 1>&5
/usr/bin/ld: cannot find -lGL
collect2: error: ld returned 1 exit status
./compile.sh: failed program was:
#include <pthread.h>
int main() {pthread_t posixID; posixID=pthread_self(); return 0;}
./compile.sh: cc -o conftest  -D_REENTRANT conftest.c  -lGL -lpthread 1>&5
/usr/bin/ld: cannot find -lGL
collect2: error: ld returned 1 exit status
./compile.sh: failed program was:
#include <pthread.h>
int main() {pthread_t posixID; posixID=pthread_self(); return 0;}
./compile.sh: cc -o conftest   conftest.c  -lGL -lsocket 1>&5
/usr/bin/ld: cannot find -lGL
/usr/bin/ld: cannot find -lsocket
collect2: error: ld returned 1 exit status
./compile.sh: failed program was:
#include <pthread.h>
int main() {pthread_t posixID; posixID=pthread_self(); return 0;}
./compile.sh: Checking for clock_gettime
./compile.sh: cc -o conftest  conftest.c  1>&5
./compile.sh: Checking for glXGetProcAddress variants
./compile.sh: cc -o conftest  conftest.c  -lGL 1>&5
conftest.c:1:22: fatal error: X11/Xlib.h: No such file or directory
 #include <X11/Xlib.h>
                      ^
compilation terminated.
./compile.sh: failed program was:
#include <X11/Xlib.h>
#include <GL/glx.h>
#include <GL/gl.h>
int main() {void *ptr=(void*)glXGetProcAddress("glFun"); return 0;}
./compile.sh: cc -o conftest  conftest.c  -lGL 1>&5
conftest.c:1:22: fatal error: X11/Xlib.h: No such file or directory
 #include <X11/Xlib.h>
                      ^
compilation terminated.
./compile.sh: failed program was:
#include <X11/Xlib.h>
#include <GL/glx.h>
#include <GL/gl.h>
int main() {void *ptr=(void*)glXGetProcAddressARB("glFun"); return 0;}
./compile.sh: cc -o conftest  conftest.c  -lGL 1>&5
conftest.c:1:22: fatal error: X11/Xlib.h: No such file or directory
 #include <X11/Xlib.h>
                      ^
compilation terminated.
./compile.sh: failed program was:
#include <X11/Xlib.h>
#include <GL/glx.h>
#include <GL/gl.h>
int main() {void *ptr=(void*)glXGetProcAddressEXT("glFun"); return 0;}
./compile.sh: Checking for dlopen
./compile.sh: cc -o conftest  conftest.c  -lGL 1>&5
/usr/bin/ld: cannot find -lGL
collect2: error: ld returned 1 exit status
./compile.sh: failed program was:
#include <dlfcn.h>
int main() {void *l=dlopen("libGL.so",RTLD_LAZY|RTLD_GLOBAL); return 0;}
./compile.sh: cc -o conftest  conftest.c  -lGL -ldl 1>&5
/usr/bin/ld: cannot find -lGL
collect2: error: ld returned 1 exit status
./compile.sh: failed program was:
#include <dlfcn.h>
int main() {void *l=dlopen("libGL.so",RTLD_LAZY|RTLD_GLOBAL); return 0;}
./compile.sh: Checking for sysconf
./compile.sh: cc -o conftest  conftest.c  -lGL 1>&5
/usr/bin/ld: cannot find -lGL
collect2: error: ld returned 1 exit status
./compile.sh: failed program was:
#include <unistd.h>
#ifndef _SC_NPROCESSORS_ONLN
#ifndef _SC_NPROC_ONLN
#error Neither _SC_NPROCESSORS_ONLN nor _SC_NPROC_ONLN available
#endif
#endif
int main() {long x=sysconf(_SC_ARG_MAX); return 0; }
./compile.sh: Checking for sysctl support
./compile.sh: cc -E conftest.c
./compile.sh: Creating ./lib/x11/Makefile.x11
./compile.sh: Creating ./examples/Makefile.x11
./compile.sh: Creating ./tests/Makefile.x11
./compile.sh: Creating ./lib/x11/libglfw.pc.in
